<?xml version="1.0" encoding="UTF-8"?>
<testng-results ignored="0" total="1" passed="1" failed="0" skipped="0">
  <reporter-output>
  </reporter-output>
  <suite started-at="2023-03-13T22:57:38 IST" name="Default suite" finished-at="2023-03-13T22:57:51 IST" duration-ms="12523">
    <groups>
    </groups>
    <test started-at="2023-03-13T22:57:38 IST" name="Default test" finished-at="2023-03-13T22:57:51 IST" duration-ms="12523">
      <class name="org.home.category.amazon.BaseClass">
        <test-method is-config="true" signature="startDriver()[pri:0, instance:org.home.category.amazon.BaseClass@384ad17b]" started-at="2023-03-13T22:57:38 IST" name="startDriver" finished-at="2023-03-13T22:57:48 IST" duration-ms="9197" status="PASS">
          <reporter-output>
          </reporter-output>
        </test-method> <!-- startDriver -->
        <test-method signature="buysProduct()[pri:0, instance:org.home.category.amazon.BaseClass@384ad17b]" started-at="2023-03-13T22:57:48 IST" name="buysProduct" finished-at="2023-03-13T22:57:51 IST" duration-ms="3163" status="PASS">
          <reporter-output>
          </reporter-output>
        </test-method> <!-- buysProduct -->
        <test-method is-config="true" signature="closeDriver()[pri:0, instance:org.home.category.amazon.BaseClass@384ad17b]" started-at="2023-03-13T22:57:51 IST" name="closeDriver" finished-at="2023-03-13T22:57:51 IST" duration-ms="124" status="PASS">
          <reporter-output>
          </reporter-output>
        </test-method> <!-- closeDriver -->
      </class> <!-- org.home.category.amazon.BaseClass -->
    </test> <!-- Default test -->
  </suite> <!-- Default suite -->
</testng-results>
